2023-06-08 16:55:57,383 - 1332/22952 [ali_email_com:198] INFO: 开始登录邀请
2023-06-08 16:56:14,719 - 1332/22952 [ali_email_com:198] INFO: 开始登录邀请
2023-06-08 16:56:16,833 - 1332/22952 [ali_email_com:513] INFO: 开始获取名为【回复：【各项目经理】本地机房生产系统的信息反馈】的内容
2023-06-08 16:56:16,833 - 1332/22952 [ali_email_com:513] INFO: 开始获取名为【回复：【各项目经理】本地机房生产系统的信息反馈】的内容
2023-06-08 16:56:16,963 - 1332/22952 [ali_email_com:513] INFO: 开始获取名为【《资本性支出预算及付款进度统计表》最新版地址】的内容
2023-06-08 16:56:16,963 - 1332/22952 [ali_email_com:513] INFO: 开始获取名为【《资本性支出预算及付款进度统计表》最新版地址】的内容
2023-06-08 16:56:17,090 - 1332/22952 [ali_email_com:513] INFO: 开始获取名为【变更管理（测试审核阶段）：CHG2305260002，已指派给您，请及时审批】的内容
2023-06-08 16:56:17,090 - 1332/22952 [ali_email_com:513] INFO: 开始获取名为【变更管理（测试审核阶段）：CHG2305260002，已指派给您，请及时审批】的内容
2023-06-08 16:56:17,212 - 1332/22952 [ali_email_com:513] INFO: 开始获取名为【TM-变更实施方案_20230615】的内容
2023-06-08 16:56:17,212 - 1332/22952 [ali_email_com:513] INFO: 开始获取名为【TM-变更实施方案_20230615】的内容
2023-06-08 16:56:17,634 - 1332/22952 [ali_email_com:513] INFO: 开始获取名为【建信信托财富工作台系统逻辑修复SIT测试报告-0608】的内容
2023-06-08 16:56:17,634 - 1332/22952 [ali_email_com:513] INFO: 开始获取名为【建信信托财富工作台系统逻辑修复SIT测试报告-0608】的内容
2023-06-08 16:56:17,987 - 1332/22952 [ali_email_com:513] INFO: 开始获取名为【客户中台建设关联影响分析.docx】的内容
2023-06-08 16:56:17,987 - 1332/22952 [ali_email_com:513] INFO: 开始获取名为【客户中台建设关联影响分析.docx】的内容
2023-06-09 08:52:14,471 - 11976/9280 [ali_email_com:198] INFO: 开始登录邀请
2023-06-09 08:52:29,967 - 11976/9280 [ali_email_com:198] INFO: 开始登录邀请
2023-06-09 08:57:02,746 - 4072/2200 [ali_email_com:198] INFO: 开始登录邀请
2023-06-09 08:57:19,805 - 13684/13496 [ali_email_com:198] INFO: 开始登录邀请
2023-06-09 08:58:00,426 - 6760/16852 [ali_email_com:198] INFO: 开始登录邀请
2023-06-09 08:58:20,213 - 6760/16852 [ali_email_com:198] INFO: 开始登录邀请
2023-06-09 08:59:29,695 - 8208/9108 [ali_email_com:198] INFO: 开始登录邀请
2023-06-09 08:59:45,810 - 8208/9108 [ali_email_com:198] INFO: 开始登录邀请
2023-06-09 08:59:56,114 - 8208/9108 [ali_email_com:569] INFO: 开始获取名为【产品中心功能清单和关联系统】的内容
2023-06-09 08:59:56,114 - 8208/9108 [ali_email_com:569] INFO: 开始获取名为【产品中心功能清单和关联系统】的内容
2023-06-09 08:59:56,722 - 8208/9108 [ali_email_com:569] INFO: 开始获取名为【回复：回复：一般交易分配确认单_敏态项目-需求价值确认.docx】的内容
2023-06-09 08:59:56,722 - 8208/9108 [ali_email_com:569] INFO: 开始获取名为【回复：回复：一般交易分配确认单_敏态项目-需求价值确认.docx】的内容
2023-06-09 08:59:56,888 - 8208/9108 [ali_email_com:569] INFO: 开始获取名为【Re: 回复：一般交易分配确认单_敏态项目-需求价值确认.docx】的内容
2023-06-09 08:59:56,888 - 8208/9108 [ali_email_com:569] INFO: 开始获取名为【Re: 回复：一般交易分配确认单_敏态项目-需求价值确认.docx】的内容
2023-06-09 08:59:57,043 - 8208/9108 [ali_email_com:569] INFO: 开始获取名为【回复：回复：一般交易分配确认单_敏态项目-需求价值确认.docx】的内容
2023-06-09 08:59:57,043 - 8208/9108 [ali_email_com:569] INFO: 开始获取名为【回复：回复：一般交易分配确认单_敏态项目-需求价值确认.docx】的内容
2023-06-09 08:59:57,482 - 8208/9108 [ali_email_com:569] INFO: 开始获取名为【科技大讲堂&rdquo;系列培训6月培训计划】的内容
2023-06-09 08:59:57,482 - 8208/9108 [ali_email_com:569] INFO: 开始获取名为【科技大讲堂&rdquo;系列培训6月培训计划】的内容
2023-06-09 08:59:57,674 - 8208/9108 [ali_email_com:569] INFO: 开始获取名为【回复：【各项目经理】本地机房生产系统的信息反馈】的内容
2023-06-09 08:59:57,674 - 8208/9108 [ali_email_com:569] INFO: 开始获取名为【回复：【各项目经理】本地机房生产系统的信息反馈】的内容
2023-06-09 08:59:57,811 - 8208/9108 [ali_email_com:569] INFO: 开始获取名为【《资本性支出预算及付款进度统计表》最新版地址】的内容
2023-06-09 08:59:57,811 - 8208/9108 [ali_email_com:569] INFO: 开始获取名为【《资本性支出预算及付款进度统计表》最新版地址】的内容
2023-06-09 08:59:57,929 - 8208/9108 [ali_email_com:569] INFO: 开始获取名为【变更管理（测试审核阶段）：CHG2305260002，已指派给您，请及时审批】的内容
2023-06-09 08:59:57,929 - 8208/9108 [ali_email_com:569] INFO: 开始获取名为【变更管理（测试审核阶段）：CHG2305260002，已指派给您，请及时审批】的内容
2023-06-09 08:59:58,064 - 8208/9108 [ali_email_com:569] INFO: 开始获取名为【TM-变更实施方案_20230615】的内容
2023-06-09 08:59:58,064 - 8208/9108 [ali_email_com:569] INFO: 开始获取名为【TM-变更实施方案_20230615】的内容
2023-06-09 08:59:58,736 - 8208/9108 [ali_email_com:569] INFO: 开始获取名为【建信信托财富工作台系统逻辑修复SIT测试报告-0608】的内容
2023-06-09 08:59:58,736 - 8208/9108 [ali_email_com:569] INFO: 开始获取名为【建信信托财富工作台系统逻辑修复SIT测试报告-0608】的内容
2023-06-09 10:13:05,406 - 12228/2228 [ali_email_com:198] INFO: 开始登录邀请
2023-06-09 10:14:40,731 - 6868/12832 [ali_email_com:198] INFO: 开始登录邀请
2023-06-09 10:14:58,146 - 6868/12832 [ali_email_com:198] INFO: 开始登录邀请
2023-06-09 10:15:15,663 - 6868/12832 [ali_email_com:583] INFO: 开始获取名为【产品中心功能清单和关联系统】的内容
2023-06-09 10:15:15,663 - 6868/12832 [ali_email_com:583] INFO: 开始获取名为【产品中心功能清单和关联系统】的内容
2023-06-09 10:15:16,503 - 6868/12832 [ali_email_com:583] INFO: 开始获取名为【回复：回复：一般交易分配确认单_敏态项目-需求价值确认.docx】的内容
2023-06-09 10:15:16,503 - 6868/12832 [ali_email_com:583] INFO: 开始获取名为【回复：回复：一般交易分配确认单_敏态项目-需求价值确认.docx】的内容
2023-06-09 10:15:16,679 - 6868/12832 [ali_email_com:583] INFO: 开始获取名为【Re: 回复：一般交易分配确认单_敏态项目-需求价值确认.docx】的内容
2023-06-09 10:15:16,679 - 6868/12832 [ali_email_com:583] INFO: 开始获取名为【Re: 回复：一般交易分配确认单_敏态项目-需求价值确认.docx】的内容
2023-06-09 10:15:16,835 - 6868/12832 [ali_email_com:583] INFO: 开始获取名为【回复：回复：一般交易分配确认单_敏态项目-需求价值确认.docx】的内容
2023-06-09 10:15:16,835 - 6868/12832 [ali_email_com:583] INFO: 开始获取名为【回复：回复：一般交易分配确认单_敏态项目-需求价值确认.docx】的内容
2023-06-09 10:15:17,166 - 6868/12832 [ali_email_com:583] INFO: 开始获取名为【科技大讲堂&rdquo;系列培训6月培训计划】的内容
2023-06-09 10:15:17,166 - 6868/12832 [ali_email_com:583] INFO: 开始获取名为【科技大讲堂&rdquo;系列培训6月培训计划】的内容
2023-06-09 10:15:17,337 - 6868/12832 [ali_email_com:583] INFO: 开始获取名为【回复：【各项目经理】本地机房生产系统的信息反馈】的内容
2023-06-09 10:15:17,337 - 6868/12832 [ali_email_com:583] INFO: 开始获取名为【回复：【各项目经理】本地机房生产系统的信息反馈】的内容
2023-06-09 10:15:17,474 - 6868/12832 [ali_email_com:583] INFO: 开始获取名为【《资本性支出预算及付款进度统计表》最新版地址】的内容
2023-06-09 10:15:17,474 - 6868/12832 [ali_email_com:583] INFO: 开始获取名为【《资本性支出预算及付款进度统计表》最新版地址】的内容
2023-06-09 10:15:17,611 - 6868/12832 [ali_email_com:583] INFO: 开始获取名为【变更管理（测试审核阶段）：CHG2305260002，已指派给您，请及时审批】的内容
2023-06-09 10:15:17,611 - 6868/12832 [ali_email_com:583] INFO: 开始获取名为【变更管理（测试审核阶段）：CHG2305260002，已指派给您，请及时审批】的内容
2023-06-09 10:15:17,740 - 6868/12832 [ali_email_com:583] INFO: 开始获取名为【TM-变更实施方案_20230615】的内容
2023-06-09 10:15:17,740 - 6868/12832 [ali_email_com:583] INFO: 开始获取名为【TM-变更实施方案_20230615】的内容
2023-06-09 10:15:18,227 - 6868/12832 [ali_email_com:583] INFO: 开始获取名为【建信信托财富工作台系统逻辑修复SIT测试报告-0608】的内容
2023-06-09 10:15:18,227 - 6868/12832 [ali_email_com:583] INFO: 开始获取名为【建信信托财富工作台系统逻辑修复SIT测试报告-0608】的内容
2023-06-09 10:18:20,154 - 2256/11152 [ali_email_com:198] INFO: 开始登录邀请
2023-06-09 10:18:32,319 - 2256/11152 [ali_email_com:583] INFO: 开始获取名为【产品中心功能清单和关联系统】的内容
2023-06-09 10:18:32,319 - 2256/11152 [ali_email_com:583] INFO: 开始获取名为【产品中心功能清单和关联系统】的内容
2023-06-09 10:18:33,102 - 2256/11152 [ali_email_com:583] INFO: 开始获取名为【回复：回复：一般交易分配确认单_敏态项目-需求价值确认.docx】的内容
2023-06-09 10:18:33,102 - 2256/11152 [ali_email_com:583] INFO: 开始获取名为【回复：回复：一般交易分配确认单_敏态项目-需求价值确认.docx】的内容
2023-06-09 10:18:33,274 - 2256/11152 [ali_email_com:583] INFO: 开始获取名为【Re: 回复：一般交易分配确认单_敏态项目-需求价值确认.docx】的内容
2023-06-09 10:18:33,274 - 2256/11152 [ali_email_com:583] INFO: 开始获取名为【Re: 回复：一般交易分配确认单_敏态项目-需求价值确认.docx】的内容
2023-06-09 10:18:33,440 - 2256/11152 [ali_email_com:583] INFO: 开始获取名为【回复：回复：一般交易分配确认单_敏态项目-需求价值确认.docx】的内容
2023-06-09 10:18:33,440 - 2256/11152 [ali_email_com:583] INFO: 开始获取名为【回复：回复：一般交易分配确认单_敏态项目-需求价值确认.docx】的内容
2023-06-09 10:18:33,727 - 2256/11152 [ali_email_com:583] INFO: 开始获取名为【科技大讲堂&rdquo;系列培训6月培训计划】的内容
2023-06-09 10:18:33,727 - 2256/11152 [ali_email_com:583] INFO: 开始获取名为【科技大讲堂&rdquo;系列培训6月培训计划】的内容
2023-06-09 10:18:33,916 - 2256/11152 [ali_email_com:583] INFO: 开始获取名为【回复：【各项目经理】本地机房生产系统的信息反馈】的内容
2023-06-09 10:18:33,916 - 2256/11152 [ali_email_com:583] INFO: 开始获取名为【回复：【各项目经理】本地机房生产系统的信息反馈】的内容
2023-06-09 10:18:34,064 - 2256/11152 [ali_email_com:583] INFO: 开始获取名为【《资本性支出预算及付款进度统计表》最新版地址】的内容
2023-06-09 10:18:34,064 - 2256/11152 [ali_email_com:583] INFO: 开始获取名为【《资本性支出预算及付款进度统计表》最新版地址】的内容
2023-06-09 10:18:34,191 - 2256/11152 [ali_email_com:583] INFO: 开始获取名为【变更管理（测试审核阶段）：CHG2305260002，已指派给您，请及时审批】的内容
2023-06-09 10:18:34,191 - 2256/11152 [ali_email_com:583] INFO: 开始获取名为【变更管理（测试审核阶段）：CHG2305260002，已指派给您，请及时审批】的内容
2023-06-09 10:18:34,314 - 2256/11152 [ali_email_com:583] INFO: 开始获取名为【TM-变更实施方案_20230615】的内容
2023-06-09 10:18:34,314 - 2256/11152 [ali_email_com:583] INFO: 开始获取名为【TM-变更实施方案_20230615】的内容
2023-06-09 10:18:34,720 - 2256/11152 [ali_email_com:583] INFO: 开始获取名为【建信信托财富工作台系统逻辑修复SIT测试报告-0608】的内容
2023-06-09 10:18:34,720 - 2256/11152 [ali_email_com:583] INFO: 开始获取名为【建信信托财富工作台系统逻辑修复SIT测试报告-0608】的内容
2023-06-09 10:18:35,069 - 2256/11152 [ali_email_com:583] INFO: 开始获取名为【客户中台建设关联影响分析.docx】的内容
2023-06-09 10:18:35,069 - 2256/11152 [ali_email_com:583] INFO: 开始获取名为【客户中台建设关联影响分析.docx】的内容
2023-06-09 10:18:36,950 - 2256/11152 [ali_email_com:583] INFO: 开始获取名为【建信信托IT项目全景视图（2023年第10期）】的内容
2023-06-09 10:18:36,950 - 2256/11152 [ali_email_com:583] INFO: 开始获取名为【建信信托IT项目全景视图（2023年第10期）】的内容
2023-06-09 10:18:37,580 - 2256/11152 [ali_email_com:583] INFO: 开始获取名为【《数字化建设工作周报》2023第10期】的内容
2023-06-09 10:18:37,580 - 2256/11152 [ali_email_com:583] INFO: 开始获取名为【《数字化建设工作周报》2023第10期】的内容
2023-06-09 10:18:37,698 - 2256/11152 [ali_email_com:583] INFO: 开始获取名为【股权业务条线2023年科技专项工作周报（2023第2期）】的内容
2023-06-09 10:18:37,698 - 2256/11152 [ali_email_com:583] INFO: 开始获取名为【股权业务条线2023年科技专项工作周报（2023第2期）】的内容
2023-06-09 10:18:38,674 - 2256/11152 [ali_email_com:583] INFO: 开始获取名为【股权业务条线2023年科技专项工作周报（2023第2期）】的内容
2023-06-09 10:18:38,674 - 2256/11152 [ali_email_com:583] INFO: 开始获取名为【股权业务条线2023年科技专项工作周报（2023第2期）】的内容
2023-06-09 10:18:39,409 - 2256/11152 [ali_email_com:583] INFO: 开始获取名为【转发：请补充销售中心三期测试工作量】的内容
2023-06-09 10:18:39,409 - 2256/11152 [ali_email_com:583] INFO: 开始获取名为【转发：请补充销售中心三期测试工作量】的内容
2023-06-09 10:18:40,710 - 2256/11152 [ali_email_com:583] INFO: 开始获取名为【请准备财富业务数据处理系统配合财富工作台三期项目测试订单】的内容
2023-06-09 10:18:40,710 - 2256/11152 [ali_email_com:583] INFO: 开始获取名为【请准备财富业务数据处理系统配合财富工作台三期项目测试订单】的内容
2023-06-09 10:19:14,748 - 12752/8348 [ali_email_com:198] INFO: 开始登录邀请
2023-06-09 10:19:31,431 - 12752/8348 [ali_email_com:583] INFO: 开始获取名为【产品中心功能清单和关联系统】的内容
2023-06-09 10:19:31,431 - 12752/8348 [ali_email_com:583] INFO: 开始获取名为【产品中心功能清单和关联系统】的内容
2023-06-09 10:19:32,018 - 12752/8348 [ali_email_com:583] INFO: 开始获取名为【回复：回复：一般交易分配确认单_敏态项目-需求价值确认.docx】的内容
2023-06-09 10:19:32,018 - 12752/8348 [ali_email_com:583] INFO: 开始获取名为【回复：回复：一般交易分配确认单_敏态项目-需求价值确认.docx】的内容
2023-06-09 10:19:32,178 - 12752/8348 [ali_email_com:583] INFO: 开始获取名为【Re: 回复：一般交易分配确认单_敏态项目-需求价值确认.docx】的内容
2023-06-09 10:19:32,178 - 12752/8348 [ali_email_com:583] INFO: 开始获取名为【Re: 回复：一般交易分配确认单_敏态项目-需求价值确认.docx】的内容
2023-06-09 10:19:32,341 - 12752/8348 [ali_email_com:583] INFO: 开始获取名为【回复：回复：一般交易分配确认单_敏态项目-需求价值确认.docx】的内容
2023-06-09 10:19:32,341 - 12752/8348 [ali_email_com:583] INFO: 开始获取名为【回复：回复：一般交易分配确认单_敏态项目-需求价值确认.docx】的内容
2023-06-09 10:19:32,619 - 12752/8348 [ali_email_com:583] INFO: 开始获取名为【科技大讲堂&rdquo;系列培训6月培训计划】的内容
2023-06-09 10:19:32,619 - 12752/8348 [ali_email_com:583] INFO: 开始获取名为【科技大讲堂&rdquo;系列培训6月培训计划】的内容
2023-06-09 10:19:32,807 - 12752/8348 [ali_email_com:583] INFO: 开始获取名为【回复：【各项目经理】本地机房生产系统的信息反馈】的内容
2023-06-09 10:19:32,807 - 12752/8348 [ali_email_com:583] INFO: 开始获取名为【回复：【各项目经理】本地机房生产系统的信息反馈】的内容
2023-06-09 10:19:32,950 - 12752/8348 [ali_email_com:583] INFO: 开始获取名为【《资本性支出预算及付款进度统计表》最新版地址】的内容
2023-06-09 10:19:32,950 - 12752/8348 [ali_email_com:583] INFO: 开始获取名为【《资本性支出预算及付款进度统计表》最新版地址】的内容
2023-06-09 10:19:33,082 - 12752/8348 [ali_email_com:583] INFO: 开始获取名为【变更管理（测试审核阶段）：CHG2305260002，已指派给您，请及时审批】的内容
2023-06-09 10:19:33,082 - 12752/8348 [ali_email_com:583] INFO: 开始获取名为【变更管理（测试审核阶段）：CHG2305260002，已指派给您，请及时审批】的内容
2023-06-09 10:19:33,200 - 12752/8348 [ali_email_com:583] INFO: 开始获取名为【TM-变更实施方案_20230615】的内容
2023-06-09 10:19:33,200 - 12752/8348 [ali_email_com:583] INFO: 开始获取名为【TM-变更实施方案_20230615】的内容
2023-06-09 10:19:33,535 - 12752/8348 [ali_email_com:583] INFO: 开始获取名为【建信信托财富工作台系统逻辑修复SIT测试报告-0608】的内容
2023-06-09 10:19:33,535 - 12752/8348 [ali_email_com:583] INFO: 开始获取名为【建信信托财富工作台系统逻辑修复SIT测试报告-0608】的内容
2023-06-09 10:19:33,901 - 12752/8348 [ali_email_com:583] INFO: 开始获取名为【客户中台建设关联影响分析.docx】的内容
2023-06-09 10:19:33,901 - 12752/8348 [ali_email_com:583] INFO: 开始获取名为【客户中台建设关联影响分析.docx】的内容
2023-06-09 10:19:34,833 - 12752/8348 [ali_email_com:583] INFO: 开始获取名为【建信信托IT项目全景视图（2023年第10期）】的内容
2023-06-09 10:19:34,833 - 12752/8348 [ali_email_com:583] INFO: 开始获取名为【建信信托IT项目全景视图（2023年第10期）】的内容
2023-06-09 10:19:35,219 - 12752/8348 [ali_email_com:583] INFO: 开始获取名为【《数字化建设工作周报》2023第10期】的内容
2023-06-09 10:19:35,219 - 12752/8348 [ali_email_com:583] INFO: 开始获取名为【《数字化建设工作周报》2023第10期】的内容
2023-06-09 10:19:35,339 - 12752/8348 [ali_email_com:583] INFO: 开始获取名为【股权业务条线2023年科技专项工作周报（2023第2期）】的内容
2023-06-09 10:19:35,339 - 12752/8348 [ali_email_com:583] INFO: 开始获取名为【股权业务条线2023年科技专项工作周报（2023第2期）】的内容
2023-06-09 10:19:56,724 - 18568/8264 [ali_email_com:198] INFO: 开始登录邀请
2023-06-09 10:19:59,343 - 18568/8264 [ali_email_com:583] INFO: 开始获取名为【产品中心功能清单和关联系统】的内容
2023-06-09 10:19:59,343 - 18568/8264 [ali_email_com:583] INFO: 开始获取名为【产品中心功能清单和关联系统】的内容
2023-06-09 10:20:00,006 - 18568/8264 [ali_email_com:583] INFO: 开始获取名为【回复：回复：一般交易分配确认单_敏态项目-需求价值确认.docx】的内容
2023-06-09 10:20:00,006 - 18568/8264 [ali_email_com:583] INFO: 开始获取名为【回复：回复：一般交易分配确认单_敏态项目-需求价值确认.docx】的内容
2023-06-09 10:20:00,162 - 18568/8264 [ali_email_com:583] INFO: 开始获取名为【Re: 回复：一般交易分配确认单_敏态项目-需求价值确认.docx】的内容
2023-06-09 10:20:00,162 - 18568/8264 [ali_email_com:583] INFO: 开始获取名为【Re: 回复：一般交易分配确认单_敏态项目-需求价值确认.docx】的内容
2023-06-09 10:20:00,348 - 18568/8264 [ali_email_com:583] INFO: 开始获取名为【回复：回复：一般交易分配确认单_敏态项目-需求价值确认.docx】的内容
2023-06-09 10:20:00,348 - 18568/8264 [ali_email_com:583] INFO: 开始获取名为【回复：回复：一般交易分配确认单_敏态项目-需求价值确认.docx】的内容
2023-06-09 10:20:00,635 - 18568/8264 [ali_email_com:583] INFO: 开始获取名为【科技大讲堂&rdquo;系列培训6月培训计划】的内容
2023-06-09 10:20:00,635 - 18568/8264 [ali_email_com:583] INFO: 开始获取名为【科技大讲堂&rdquo;系列培训6月培训计划】的内容
2023-06-09 10:20:00,814 - 18568/8264 [ali_email_com:583] INFO: 开始获取名为【回复：【各项目经理】本地机房生产系统的信息反馈】的内容
2023-06-09 10:20:00,814 - 18568/8264 [ali_email_com:583] INFO: 开始获取名为【回复：【各项目经理】本地机房生产系统的信息反馈】的内容
2023-06-09 10:20:00,953 - 18568/8264 [ali_email_com:583] INFO: 开始获取名为【《资本性支出预算及付款进度统计表》最新版地址】的内容
2023-06-09 10:20:00,953 - 18568/8264 [ali_email_com:583] INFO: 开始获取名为【《资本性支出预算及付款进度统计表》最新版地址】的内容
2023-06-09 10:20:01,102 - 18568/8264 [ali_email_com:583] INFO: 开始获取名为【变更管理（测试审核阶段）：CHG2305260002，已指派给您，请及时审批】的内容
2023-06-09 10:20:01,102 - 18568/8264 [ali_email_com:583] INFO: 开始获取名为【变更管理（测试审核阶段）：CHG2305260002，已指派给您，请及时审批】的内容
2023-06-09 10:20:01,219 - 18568/8264 [ali_email_com:583] INFO: 开始获取名为【TM-变更实施方案_20230615】的内容
2023-06-09 10:20:01,219 - 18568/8264 [ali_email_com:583] INFO: 开始获取名为【TM-变更实施方案_20230615】的内容
2023-06-09 10:20:01,618 - 18568/8264 [ali_email_com:583] INFO: 开始获取名为【建信信托财富工作台系统逻辑修复SIT测试报告-0608】的内容
2023-06-09 10:20:01,618 - 18568/8264 [ali_email_com:583] INFO: 开始获取名为【建信信托财富工作台系统逻辑修复SIT测试报告-0608】的内容
2023-06-09 10:20:01,945 - 18568/8264 [ali_email_com:583] INFO: 开始获取名为【客户中台建设关联影响分析.docx】的内容
2023-06-09 10:20:01,945 - 18568/8264 [ali_email_com:583] INFO: 开始获取名为【客户中台建设关联影响分析.docx】的内容
2023-06-09 11:34:20,798 - 9296/14548 [ali_email_com:198] INFO: 开始登录邀请
2023-06-09 11:34:23,560 - 9296/14548 [ali_email_com:583] INFO: 开始获取名为【产品中心功能清单和关联系统】的内容
2023-06-09 11:34:23,560 - 9296/14548 [ali_email_com:583] INFO: 开始获取名为【产品中心功能清单和关联系统】的内容
2023-06-09 11:34:24,479 - 9296/14548 [ali_email_com:583] INFO: 开始获取名为【回复：回复：一般交易分配确认单_敏态项目-需求价值确认.docx】的内容
2023-06-09 11:34:24,479 - 9296/14548 [ali_email_com:583] INFO: 开始获取名为【回复：回复：一般交易分配确认单_敏态项目-需求价值确认.docx】的内容
2023-06-09 11:34:24,655 - 9296/14548 [ali_email_com:583] INFO: 开始获取名为【Re: 回复：一般交易分配确认单_敏态项目-需求价值确认.docx】的内容
2023-06-09 11:34:24,655 - 9296/14548 [ali_email_com:583] INFO: 开始获取名为【Re: 回复：一般交易分配确认单_敏态项目-需求价值确认.docx】的内容
2023-06-09 11:34:24,818 - 9296/14548 [ali_email_com:583] INFO: 开始获取名为【回复：回复：一般交易分配确认单_敏态项目-需求价值确认.docx】的内容
2023-06-09 11:34:24,818 - 9296/14548 [ali_email_com:583] INFO: 开始获取名为【回复：回复：一般交易分配确认单_敏态项目-需求价值确认.docx】的内容
2023-06-09 11:34:25,342 - 9296/14548 [ali_email_com:583] INFO: 开始获取名为【科技大讲堂&rdquo;系列培训6月培训计划】的内容
2023-06-09 11:34:25,342 - 9296/14548 [ali_email_com:583] INFO: 开始获取名为【科技大讲堂&rdquo;系列培训6月培训计划】的内容
